Build started 12/4/2015 2:12:45 PM.
     1>Project "C:\Users\Jack\Documents\Visual Studio 2015\Projects\Student Catalog\Student Catalog\Student Catalog.vcxproj" on node 2 (Build target(s)).
     1>ClCompile:
         C:\Program Files (x86)\Microsoft Visual Studio 14.0\VC\bin\CL.exe /c /Zi /nologo /W3 /WX- /sdl /O2 /Oi /Oy- /GL /D WIN32 /D _WINDOWS /D NDEBUG /D _UNICODE /D UNICODE /D _AFXDLL /Gm- /EHsc /MD /GS /Gy /fp:precise /Zc:wchar_t /Zc:forScope /Zc:inline /Yc"stdafx.h" /Fp"Release\Student Catalog.pch" /Fo"Release\\" /Fd"Release\vc140.pdb" /Gd /TP /analyze- /errorReport:prompt stdafx.cpp
         stdafx.cpp
         C:\Program Files (x86)\Microsoft Visual Studio 14.0\VC\bin\CL.exe /c /Zi /nologo /W3 /WX- /sdl /O2 /Oi /Oy- /GL /D WIN32 /D _WINDOWS /D NDEBUG /D _UNICODE /D UNICODE /D _AFXDLL /Gm- /EHsc /MD /GS /Gy /fp:precise /Zc:wchar_t /Zc:forScope /Zc:inline /Yu"stdafx.h" /Fp"Release\Student Catalog.pch" /Fo"Release\\" /Fd"Release\vc140.pdb" /Gd /TP /analyze- /errorReport:prompt AddNew.cpp ConfirmDelete.cpp EditRow.cpp MainFrm.cpp "Student Catalog.cpp" "Student CatalogDoc.cpp" "Student CatalogSet.cpp" "Student CatalogView.cpp"
         AddNew.cpp
         ConfirmDelete.cpp
         EditRow.cpp
         MainFrm.cpp
         Student Catalog.cpp
         Student CatalogDoc.cpp
         Student CatalogSet.cpp
         Student CatalogView.cpp
       ResourceCompile:
         C:\Program Files (x86)\Windows Kits\8.1\bin\x86\rc.exe /D NDEBUG /D _UNICODE /D UNICODE /D _AFXDLL /l"0x0409" /IRelease\ /nologo /fo"Release\Student Catalog.res" "Student Catalog.rc" 
       Link:
         C:\Program Files (x86)\Microsoft Visual Studio 14.0\VC\bin\link.exe /ERRORREPORT:PROMPT /OUT:"C:\Users\Jack\Documents\Visual Studio 2015\Projects\Student Catalog\Release\Student Catalog.exe" /INCREMENTAL:NO /NOLOGO odbc32.lib /MANIFEST /MANIFESTUAC:"level='asInvoker' uiAccess='false'" /manifest:embed /manifestinput:"C:\Program Files (x86)\Microsoft Visual Studio 14.0\VC\Include\Manifest\dpiaware.manifest" /Debug /PDB:"C:\Users\Jack\Documents\Visual Studio 2015\Projects\Student Catalog\Release\Student Catalog.pdb" /SUBSYSTEM:WINDOWS /OPT:REF /OPT:ICF /LTCG:incremental /TLBID:1 /ENTRY:"wWinMainCRTStartup" /DYNAMICBASE /NXCOMPAT /IMPLIB:"C:\Users\Jack\Documents\Visual Studio 2015\Projects\Student Catalog\Release\Student Catalog.lib" /MACHINE:X86 /SAFESEH "Release\Student Catalog.res"
         Release\AddNew.obj
         Release\ConfirmDelete.obj
         Release\EditRow.obj
         Release\MainFrm.obj
         Release\stdafx.obj
         "Release\Student Catalog.obj"
         "Release\Student CatalogDoc.obj"
         "Release\Student CatalogSet.obj"
         "Release\Student CatalogView.obj"
         Generating code
         288 of 301 functions (95.7%) were compiled, the rest were copied from previous compilation.
           0 functions were new in current compilation
           2 functions had inline decision re-evaluated but remain unchanged
         Finished generating code
         Student Catalog.vcxproj -> C:\Users\Jack\Documents\Visual Studio 2015\Projects\Student Catalog\Release\Student Catalog.exe
     1>Done Building Project "C:\Users\Jack\Documents\Visual Studio 2015\Projects\Student Catalog\Student Catalog\Student Catalog.vcxproj" (Build target(s)).

Build succeeded.

Time Elapsed 00:00:04.59
