Build started 12/12/2015 1:04:26 PM.
     1>Project "C:\Users\Jack\documents\visual studio 2015\Projects\Pip-Boy 3000\Pip-Boy 3000\Pip-Boy 3000.vcxproj" on node 2 (Build target(s)).
     1>ResourceCompile:
         C:\Program Files (x86)\Windows Kits\8.1\bin\x86\rc.exe /D _DEBUG /D _UNICODE /D UNICODE /D _AFXDLL /l"0x0409" /IDebug\ /nologo /fo"Debug\Pip-Boy 3000.res" "Pip-Boy 3000.rc" 
       Link:
         C:\Program Files (x86)\Microsoft Visual Studio 14.0\VC\bin\link.exe /ERRORREPORT:PROMPT /OUT:"C:\Users\Jack\documents\visual studio 2015\Projects\Pip-Boy 3000\Debug\Pip-Boy 3000.exe" /INCREMENTAL /NOLOGO odbc32.lib /MANIFEST /MANIFESTUAC:"level='asInvoker' uiAccess='false'" /manifest:embed /manifestinput:"C:\Program Files (x86)\Microsoft Visual Studio 14.0\VC\Include\Manifest\dpiaware.manifest" /Debug /PDB:"C:\Users\Jack\documents\visual studio 2015\Projects\Pip-Boy 3000\Debug\Pip-Boy 3000.pdb" /SUBSYSTEM:WINDOWS /TLBID:1 /ENTRY:"wWinMainCRTStartup" /DYNAMICBASE /NXCOMPAT /IMPLIB:"C:\Users\Jack\documents\visual studio 2015\Projects\Pip-Boy 3000\Debug\Pip-Boy 3000.lib" /MACHINE:X86 "Debug\Pip-Boy 3000.res"
         Debug\DropItemDialog.obj
         Debug\image_weapons.obj
         Debug\InventoryManagement.obj
         Debug\MainFrm.obj
         Debug\PickUpDialog.obj
         "Debug\Pip-Boy 3000.obj"
         "Debug\Pip-Boy 3000Doc.obj"
         "Debug\Pip-Boy 3000Set.obj"
         "Debug\Pip-Boy 3000View.obj"
         Debug\stdafx.obj
         Debug\WeaponsDialog.obj
         Debug\WeaponsSet.obj
         Pip-Boy 3000.vcxproj -> C:\Users\Jack\documents\visual studio 2015\Projects\Pip-Boy 3000\Debug\Pip-Boy 3000.exe
     1>Done Building Project "C:\Users\Jack\documents\visual studio 2015\Projects\Pip-Boy 3000\Pip-Boy 3000\Pip-Boy 3000.vcxproj" (Build target(s)).

Build succeeded.

Time Elapsed 00:00:00.69
