Build started 8/31/2015 9:09:09 AM.
     1>Project "C:\Users\Jack\Documents\Visual Studio 2015\Projects\Tic Tac Toe\Tic Tac Toe\Tic Tac Toe.vcxproj" on node 2 (Build target(s)).
     1>ClCompile:
         C:\Program Files (x86)\Microsoft Visual Studio 14.0\VC\bin\CL.exe /c /ZI /nologo /W3 /WX- /sdl /Od /Oy- /D WIN32 /D _WINDOWS /D _DEBUG /D _UNICODE /D UNICODE /D _AFXDLL /Gm /EHsc /RTC1 /MDd /GS /fp:precise /Zc:wchar_t /Zc:forScope /Zc:inline /Yc"stdafx.h" /Fp"Debug\Tic Tac Toe.pch" /Fo"Debug\\" /Fd"Debug\vc140.pdb" /Gd /TP /analyze- /errorReport:prompt stdafx.cpp
         stdafx.cpp
         C:\Program Files (x86)\Microsoft Visual Studio 14.0\VC\bin\CL.exe /c /ZI /nologo /W3 /WX- /sdl /Od /Oy- /D WIN32 /D _WINDOWS /D _DEBUG /D _UNICODE /D UNICODE /D _AFXDLL /Gm /EHsc /RTC1 /MDd /GS /fp:precise /Zc:wchar_t /Zc:forScope /Zc:inline /Yu"stdafx.h" /Fp"Debug\Tic Tac Toe.pch" /Fo"Debug\\" /Fd"Debug\vc140.pdb" /Gd /TP /analyze- /errorReport:prompt "Tic Tac Toe.cpp" "Tic Tac ToeDlg.cpp"
         Tic Tac ToeDlg.cpp
         Tic Tac Toe.cpp
         Generating Code...
       ResourceCompile:
         C:\Program Files (x86)\Windows Kits\8.1\bin\x86\rc.exe /D _DEBUG /D _UNICODE /D UNICODE /D _AFXDLL /l"0x0409" /IDebug\ /nologo /fo"Debug\Tic Tac Toe.res" "Tic Tac Toe.rc" 
       Link:
         C:\Program Files (x86)\Microsoft Visual Studio 14.0\VC\bin\link.exe /ERRORREPORT:PROMPT /OUT:"C:\Users\Jack\Documents\Visual Studio 2015\Projects\Tic Tac Toe\Debug\Tic Tac Toe.exe" /INCREMENTAL /NOLOGO /MANIFEST /MANIFESTUAC:"level='asInvoker' uiAccess='false'" /manifest:embed /manifestinput:"C:\Program Files (x86)\Microsoft Visual Studio 14.0\VC\Include\Manifest\dpiaware.manifest" /Debug /PDB:"C:\Users\Jack\Documents\Visual Studio 2015\Projects\Tic Tac Toe\Debug\Tic Tac Toe.pdb" /SUBSYSTEM:WINDOWS /TLBID:1 /ENTRY:"wWinMainCRTStartup" /DYNAMICBASE /NXCOMPAT /IMPLIB:"C:\Users\Jack\Documents\Visual Studio 2015\Projects\Tic Tac Toe\Debug\Tic Tac Toe.lib" /MACHINE:X86 "Debug\Tic Tac Toe.res"
         Debug\stdafx.obj
         "Debug\Tic Tac Toe.obj"
         "Debug\Tic Tac ToeDlg.obj"
         Tic Tac Toe.vcxproj -> C:\Users\Jack\Documents\Visual Studio 2015\Projects\Tic Tac Toe\Debug\Tic Tac Toe.exe
     1>Done Building Project "C:\Users\Jack\Documents\Visual Studio 2015\Projects\Tic Tac Toe\Tic Tac Toe\Tic Tac Toe.vcxproj" (Build target(s)).

Build succeeded.

Time Elapsed 00:00:03.93
