Build started 12/3/2015 7:13:36 PM.
     1>Project "C:\Users\Jack\documents\visual studio 2015\Projects\Student Catalog\Student Catalog\Student Catalog.vcxproj" on node 2 (Build target(s)).
     1>ClCompile:
         C:\Program Files (x86)\Microsoft Visual Studio 14.0\VC\bin\CL.exe /c /ZI /nologo /W3 /WX- /sdl /Od /Oy- /D WIN32 /D _WINDOWS /D _DEBUG /D _UNICODE /D UNICODE /D _AFXDLL /Gm /EHsc /RTC1 /MDd /GS /fp:precise /Zc:wchar_t /Zc:forScope /Zc:inline /Yu"stdafx.h" /Fp"Debug\Student Catalog.pch" /Fo"Debug\\" /Fd"Debug\vc140.pdb" /Gd /TP /analyze- /errorReport:prompt "Student CatalogView.cpp"
         Student CatalogView.cpp
       Link:
         C:\Program Files (x86)\Microsoft Visual Studio 14.0\VC\bin\link.exe /ERRORREPORT:PROMPT /OUT:"C:\Users\Jack\documents\visual studio 2015\Projects\Student Catalog\Debug\Student Catalog.exe" /INCREMENTAL /NOLOGO odbc32.lib /MANIFEST /MANIFESTUAC:"level='asInvoker' uiAccess='false'" /manifest:embed /manifestinput:"C:\Program Files (x86)\Microsoft Visual Studio 14.0\VC\Include\Manifest\dpiaware.manifest" /Debug /PDB:"C:\Users\Jack\documents\visual studio 2015\Projects\Student Catalog\Debug\Student Catalog.pdb" /SUBSYSTEM:WINDOWS /TLBID:1 /ENTRY:"wWinMainCRTStartup" /DYNAMICBASE /NXCOMPAT /IMPLIB:"C:\Users\Jack\documents\visual studio 2015\Projects\Student Catalog\Debug\Student Catalog.lib" /MACHINE:X86 "Debug\Student Catalog.res"
         Debug\AddNew.obj
         Debug\ConfirmDelete.obj
         Debug\EditRow.obj
         Debug\MainFrm.obj
         Debug\stdafx.obj
         "Debug\Student Catalog.obj"
         "Debug\Student CatalogDoc.obj"
         "Debug\Student CatalogSet.obj"
         "Debug\Student CatalogView.obj"
         Student Catalog.vcxproj -> C:\Users\Jack\documents\visual studio 2015\Projects\Student Catalog\Debug\Student Catalog.exe
     1>Done Building Project "C:\Users\Jack\documents\visual studio 2015\Projects\Student Catalog\Student Catalog\Student Catalog.vcxproj" (Build target(s)).

Build succeeded.

Time Elapsed 00:00:00.54
