c:\users\jack\documents\visual studio 2015\projects\student catalog\student catalog\debug\student catalog.pch
c:\users\jack\documents\visual studio 2015\projects\student catalog\student catalog\debug\vc140.pdb
c:\users\jack\documents\visual studio 2015\projects\student catalog\student catalog\debug\vc140.idb
c:\users\jack\documents\visual studio 2015\projects\student catalog\student catalog\debug\stdafx.obj
c:\users\jack\documents\visual studio 2015\projects\student catalog\student catalog\debug\addnew.obj
c:\users\jack\documents\visual studio 2015\projects\student catalog\student catalog\debug\confirmdelete.obj
c:\users\jack\documents\visual studio 2015\projects\student catalog\student catalog\debug\mainfrm.obj
c:\users\jack\documents\visual studio 2015\projects\student catalog\student catalog\debug\student catalog.obj
c:\users\jack\documents\visual studio 2015\projects\student catalog\student catalog\debug\student catalogdoc.obj
c:\users\jack\documents\visual studio 2015\projects\student catalog\student catalog\debug\student catalogset.obj
c:\users\jack\documents\visual studio 2015\projects\student catalog\student catalog\debug\student catalogview.obj
c:\users\jack\documents\visual studio 2015\projects\student catalog\debug\student catalog.ilk
c:\users\jack\documents\visual studio 2015\projects\student catalog\debug\student catalog.exe
c:\users\jack\documents\visual studio 2015\projects\student catalog\debug\student catalog.pdb
c:\users\jack\documents\visual studio 2015\projects\student catalog\student catalog\debug\student catalog.res
c:\users\jack\documents\visual studio 2015\projects\student catalog\student catalog\debug\student catalog.tlog\cl.command.1.tlog
c:\users\jack\documents\visual studio 2015\projects\student catalog\student catalog\debug\student catalog.tlog\cl.read.1.tlog
c:\users\jack\documents\visual studio 2015\projects\student catalog\student catalog\debug\student catalog.tlog\cl.write.1.tlog
c:\users\jack\documents\visual studio 2015\projects\student catalog\student catalog\debug\student catalog.tlog\link.command.1.tlog
c:\users\jack\documents\visual studio 2015\projects\student catalog\student catalog\debug\student catalog.tlog\link.read.1.tlog
c:\users\jack\documents\visual studio 2015\projects\student catalog\student catalog\debug\student catalog.tlog\link.write.1.tlog
c:\users\jack\documents\visual studio 2015\projects\student catalog\student catalog\debug\student catalog.tlog\rc.command.1.tlog
c:\users\jack\documents\visual studio 2015\projects\student catalog\student catalog\debug\student catalog.tlog\rc.read.1.tlog
c:\users\jack\documents\visual studio 2015\projects\student catalog\student catalog\debug\student catalog.tlog\rc.write.1.tlog
